2025-08-16 15:15:29,328 - INFO - Log file for this run: logs\dataset_generation_20250816_151529.log
2025-08-16 15:15:29,480 - INFO - --- Starting OLTP Database Generation ---
2025-08-16 15:15:29,480 - INFO - Reproducible Seed: 36
2025-08-16 15:15:29,481 - INFO - Generating foundational tables...
2025-08-16 15:15:29,481 - INFO - Loading policy definitions from config.yaml...
2025-08-16 15:15:32,903 - INFO - Loading clinical data definitions from config.yaml...
2025-08-16 15:15:33,050 - INFO - Generating main transactional tables...
2025-08-16 15:16:08,745 - INFO - Connecting to database 'output/healthcare_oltp.db'...
2025-08-16 15:16:08,745 - INFO - Writing table 'Policies'...
2025-08-16 15:16:08,762 - INFO - Writing table 'Members'...
2025-08-16 15:16:09,073 - INFO - Writing table 'Physicians'...
2025-08-16 15:16:09,090 - INFO - Writing table 'Providers'...
2025-08-16 15:16:09,105 - INFO - Writing table 'ProviderAffiliations'...
2025-08-16 15:16:09,118 - INFO - Writing table 'Diagnoses'...
2025-08-16 15:16:09,131 - INFO - Writing table 'Procedures'...
2025-08-16 15:16:09,143 - INFO - Writing table 'ProcedureDiagnosisLink'...
2025-08-16 15:16:09,155 - INFO - Writing table 'FeeSchedule'...
2025-08-16 15:16:09,167 - INFO - Writing table 'Claims'...
2025-08-16 15:16:09,293 - INFO - Writing table 'DateDimension'...
2025-08-16 15:16:09,330 - INFO - OLTP Database creation complete.
2025-08-16 15:16:09,331 - INFO - --- Generation Summary ---
2025-08-16 15:16:09,332 - INFO - - Table 'Policies' created with 8 records.
2025-08-16 15:16:09,332 - INFO - - Table 'Members' created with 22000 records.
2025-08-16 15:16:09,332 - INFO - - Table 'Physicians' created with 250 records.
2025-08-16 15:16:09,332 - INFO - - Table 'Providers' created with 150 records.
2025-08-16 15:16:09,332 - INFO - - Table 'ProviderAffiliations' created with 295 records.
2025-08-16 15:16:09,332 - INFO - - Table 'Diagnoses' created with 5 records.
2025-08-16 15:16:09,332 - INFO - - Table 'Procedures' created with 5 records.
2025-08-16 15:16:09,333 - INFO - - Table 'ProcedureDiagnosisLink' created with 8 records.
2025-08-16 15:16:09,333 - INFO - - Table 'FeeSchedule' created with 10 records.
2025-08-16 15:16:09,333 - INFO - - Table 'Claims' created with 15000 records.
2025-08-16 15:16:09,333 - INFO - - Table 'DateDimension' created with 5844 records.
2025-08-16 15:16:09,333 - INFO - Success! Your OLTP database is ready in the file: 'output/healthcare_oltp.db'
