2025-08-16 00:27:05,748 - INFO - Log file for this run: logs\generation_20250816_002705.log
2025-08-16 00:27:05,836 - INFO - --- Starting OLTP Database Generation ---
2025-08-16 00:27:05,836 - INFO - Reproducible Seed: 36
2025-08-16 00:27:32,111 - INFO - Connecting to database 'healthcare_oltp.db'...
2025-08-16 00:27:32,111 - INFO - Writing table 'Policies'...
2025-08-16 00:27:32,120 - INFO - Writing table 'Members'...
2025-08-16 00:27:32,286 - INFO - Writing table 'Physicians'...
2025-08-16 00:27:32,298 - INFO - Writing table 'Providers'...
2025-08-16 00:27:32,308 - INFO - Writing table 'ProviderAffiliations'...
2025-08-16 00:27:32,316 - INFO - Writing table 'Diagnoses'...
2025-08-16 00:27:32,324 - INFO - Writing table 'Procedures'...
2025-08-16 00:27:32,332 - INFO - Writing table 'ProcedureDiagnosisLink'...
2025-08-16 00:27:32,341 - INFO - Writing table 'FeeSchedule'...
2025-08-16 00:27:32,349 - INFO - Writing table 'Claims'...
2025-08-16 00:27:32,427 - INFO - Writing table 'DateDimension'...
2025-08-16 00:27:32,451 - INFO - OLTP Database creation complete.
2025-08-16 00:27:32,452 - INFO - --- Generation Summary ---
2025-08-16 00:27:32,452 - INFO - - Table 'Policies' created with 8 records.
2025-08-16 00:27:32,452 - INFO - - Table 'Members' created with 22000 records.
2025-08-16 00:27:32,452 - INFO - - Table 'Physicians' created with 250 records.
2025-08-16 00:27:32,452 - INFO - - Table 'Providers' created with 150 records.
2025-08-16 00:27:32,452 - INFO - - Table 'ProviderAffiliations' created with 295 records.
2025-08-16 00:27:32,452 - INFO - - Table 'Diagnoses' created with 5 records.
2025-08-16 00:27:32,452 - INFO - - Table 'Procedures' created with 5 records.
2025-08-16 00:27:32,452 - INFO - - Table 'ProcedureDiagnosisLink' created with 8 records.
2025-08-16 00:27:32,453 - INFO - - Table 'FeeSchedule' created with 10 records.
2025-08-16 00:27:32,453 - INFO - - Table 'Claims' created with 15000 records.
2025-08-16 00:27:32,453 - INFO - - Table 'DateDimension' created with 5844 records.
2025-08-16 00:27:32,453 - INFO - Success! Your OLTP database is ready in the file: 'healthcare_oltp.db'
