2025-08-16 00:21:58,730 - INFO - Log file for this run: logs\generation_20250816_002158.log
2025-08-16 00:21:58,811 - INFO - --- Starting OLTP Database Generation ---
2025-08-16 00:21:58,811 - INFO - Reproducible Seed: 36
2025-08-16 00:22:24,783 - INFO - Connecting to database 'healthcare_oltp.db'...
2025-08-16 00:22:24,783 - INFO - Writing table 'Policies'...
2025-08-16 00:22:24,799 - INFO - Writing table 'Members'...
2025-08-16 00:22:24,960 - INFO - Writing table 'Physicians'...
2025-08-16 00:22:24,970 - INFO - Writing table 'Providers'...
2025-08-16 00:22:24,976 - INFO - Writing table 'ProviderAffiliations'...
2025-08-16 00:22:24,983 - INFO - Writing table 'Diagnoses'...
2025-08-16 00:22:24,989 - INFO - Writing table 'Procedures'...
2025-08-16 00:22:24,995 - INFO - Writing table 'ProcedureDiagnosisLink'...
2025-08-16 00:22:25,001 - INFO - Writing table 'FeeSchedule'...
2025-08-16 00:22:25,007 - INFO - Writing table 'Claims'...
2025-08-16 00:22:25,088 - INFO - Writing table 'DateDimension'...
2025-08-16 00:22:25,109 - INFO - OLTP Database creation complete.
2025-08-16 00:22:25,110 - INFO - 
--- Generation Summary ---
2025-08-16 00:22:25,110 - INFO - - Table 'Policies' created with 8 records.
2025-08-16 00:22:25,110 - INFO - - Table 'Members' created with 22000 records.
2025-08-16 00:22:25,110 - INFO - - Table 'Physicians' created with 250 records.
2025-08-16 00:22:25,110 - INFO - - Table 'Providers' created with 150 records.
2025-08-16 00:22:25,110 - INFO - - Table 'ProviderAffiliations' created with 295 records.
2025-08-16 00:22:25,110 - INFO - - Table 'Diagnoses' created with 5 records.
2025-08-16 00:22:25,110 - INFO - - Table 'Procedures' created with 5 records.
2025-08-16 00:22:25,110 - INFO - - Table 'ProcedureDiagnosisLink' created with 8 records.
2025-08-16 00:22:25,111 - INFO - - Table 'FeeSchedule' created with 10 records.
2025-08-16 00:22:25,111 - INFO - - Table 'Claims' created with 15000 records.
2025-08-16 00:22:25,111 - INFO - - Table 'DateDimension' created with 5844 records.
